binary-tree:
Node {
    val: -5135395736195891286,
    left: Some(
        Node {
            val: -7369600921380815078,
            left: None,
            right: Some(
                Node {
                    val: -6297587864691948831,
                    left: None,
                    right: None,
                },
            ),
        },
    ),
    right: Some(
        Node {
            val: -1347656917870704455,
            left: Some(
                Node {
                    val: -2944202040629051955,
                    left: Some(
                        Node {
                            val: -3531356158131183428,
                            left: None,
                            right: None,
                        },
                    ),
                    right: Some(
                        Node {
                            val: -2416392770305767137,
                            left: None,
                            right: Some(
                                Node {
                                    val: -1761972987852888886,
                                    left: None,
                                    right: None,
                                },
                            ),
                        },
                    ),
                },
            ),
            right: Some(
                Node {
                    val: 5952018146183815125,
                    left: Some(
                        Node {
                            val: -1008239103540935481,
                            left: None,
                            right: None,
                        },
                    ),
                    right: Some(
                        Node {
                            val: 6708791522540754529,
                            left: None,
                            right: Some(
                                Node {
                                    val: 6950730301553108667,
                                    left: None,
                                    right: Some(
                                        Node {
                                            val: 7857240140290219187,
                                            left: Some(
                                                Node {
                                                    val: 7308350936943367392,
                                                    left: None,
                                                    right: None,
                                                },
                                            ),
                                            right: None,
                                        },
                                    ),
                                },
                            ),
                        },
                    ),
                },
            ),
        },
    ),
}

-7369600921380815078
-6297587864691948831
-5135395736195891286
-3531356158131183428
-2944202040629051955
-2416392770305767137
-1761972987852888886
-1347656917870704455
-1008239103540935481
5952018146183815125
6708791522540754529
6950730301553108667
7308350936943367392
7857240140290219187
